<?xml version="1.0" encoding="UTF-8"?>
<testng-results ignored="0" total="1" passed="1" failed="0" skipped="0">
  <reporter-output>
  </reporter-output>
  <suite started-at="2021-06-13T04:00:17 IST" name="phpTravels" finished-at="2021-06-13T04:00:49 IST" duration-ms="31723">
    <groups>
    </groups>
    <test started-at="2021-06-13T04:00:17 IST" name="flightBooking" finished-at="2021-06-13T04:00:49 IST" duration-ms="31723">
      <class name="PhpTravels.FlightBooking">
        <test-method signature="HomePage()[pri:0, instance:PhpTravels.FlightBooking@161479c6]" started-at="2021-06-13T04:00:17 IST" name="HomePage" finished-at="2021-06-13T04:00:49 IST" duration-ms="31583" status="PASS">
          <reporter-output>
          </reporter-output>
        </test-method> <!-- HomePage -->
      </class> <!-- PhpTravels.FlightBooking -->
    </test> <!-- flightBooking -->
  </suite> <!-- phpTravels -->
</testng-results>
